Behroozi+18 not loaded
['../pysrc/profiles_and_projections_script.py', 'cooling_only_low_SF_threshold11', '200']
loaded PartType0, Coordinates
loaded PartType0, Masses
cooling_only_low_SF_threshold11 371
loaded PartType0, Masses
loaded PartType0, Coordinates
saved massProfile0
loaded PartType1, Masses
loaded PartType2, Masses
loaded PartType2, Coordinates
saved massProfile2
loaded PartType4, Masses
loaded PartType4, Coordinates
saved massProfile4
loaded PartType0, Masses
loaded PartType0, Coordinates
saved massProfile0
loaded PartType1, Masses
loaded PartType2, Masses
loaded PartType2, Coordinates
saved massProfile2
loaded PartType4, Masses
loaded PartType4, Coordinates
saved massProfile4
loaded PartType0, Masses
loaded PartType0, Coordinates
saved massProfile0
loaded PartType1, Masses
loaded PartType2, Masses
loaded PartType2, Coordinates
saved massProfile2
loaded PartType4, Masses
loaded PartType4, Coordinates
saved massProfile4
loaded PartType0, Masses
loaded PartType0, Coordinates
saved massProfile0
loaded PartType1, Masses
loaded PartType2, Masses
loaded PartType2, Coordinates
saved massProfile2
loaded PartType4, Masses
loaded PartType4, Coordinates
saved massProfile4
loaded PartType0, Velocities
saved j_vec_x
saved j_vec_y
saved j_vec_z
saved j_vec_weight
loaded PartType0, Velocities
saved j_vec_x
saved j_vec_y
saved j_vec_z
saved j_vec_weight
loaded PartType0, Velocities
saved j_vec_x
saved j_vec_y
saved j_vec_z
saved j_vec_weight
loaded PartType0, Velocities
saved j_vec_x
saved j_vec_y
saved j_vec_z
saved j_vec_weight
loaded PartType0, Metallicity
saved Z2Zsuns_MW
loaded PartType0, Metallicity
saved Z2Zsuns_MW
loaded PartType0, Metallicity
saved Z2Zsuns_MW
loaded PartType0, Metallicity
saved Z2Zsuns_MW
loaded PartType0, Density
loaded PartType0, InternalEnergy
saved log_Ts_VW
loaded PartType0, Density
loaded PartType0, InternalEnergy
saved log_Ts_VW
loaded PartType0, Density
loaded PartType0, InternalEnergy
saved log_Ts_VW
loaded PartType0, Density
loaded PartType0, InternalEnergy
saved log_Ts_VW
saved isSubsonic_VW
saved isSubsonic_VW
saved isSubsonic_VW
saved isSubsonic_VW
saved Mdot
saved Mdot
saved Mdot
saved Mdot
starting snapshot #0,   process id: 281451
starting snapshot #1,   process id: 281452
starting snapshot #2,   process id: 281453
starting snapshot #3,   process id: 281454
starting snapshot #4,   process id: 281455
starting snapshot #5,   process id: 281456
starting snapshot #6,   process id: 281457
starting snapshot #8,   process id: 281459
starting snapshot #7,   process id: 281458
starting snapshot #9,   process id: 281460
loaded PartType0, Coordinates
loaded PartType0, Masses
loaded PartType0, StarFormationRate
loaded PartType0, Coordinates
saved sfrs
starting snapshot #10,   process id: 281465
loaded PartType0, Coordinates
loaded PartType0, Masses
loaded PartType0, StarFormationRate
saved sfrs
starting snapshot #11,   process id: 281466
loaded PartType0, Coordinates
loaded PartType0, Masses
loaded PartType0, StarFormationRate
loaded PartType0, Coordinates
saved sfrs
starting snapshot #12,   process id: 281468
loaded PartType0, Coordinates
loaded PartType0, Masses
loaded PartType0, StarFormationRate
loaded PartType0, Coordinates
saved sfrs
starting snapshot #13,   process id: 281469
loaded PartType0, Coordinates
loaded PartType0, Masses
loaded PartType0, StarFormationRate
loaded PartType0, Coordinates
saved sfrs
loaded PartType0, Coordinates
loaded PartType0, Masses
loaded PartType0, StarFormationRate
loaded PartType0, Coordinates
saved sfrs
starting snapshot #14,   process id: 281470
loaded PartType0, Coordinates
loaded PartType0, Masses
loaded PartType0, StarFormationRate
loaded PartType0, Coordinates
saved sfrs
starting snapshot #15,   process id: 281471
starting snapshot #16,   process id: 281472
loaded PartType0, Coordinates
loaded PartType0, Masses
loaded PartType0, StarFormationRate
loaded PartType0, Coordinates
saved sfrs
loaded PartType0, Coordinates
loaded PartType0, Masses
loaded PartType0, StarFormationRate
loaded PartType0, Coordinates
saved sfrs
starting snapshot #17,   process id: 281473
loaded PartType0, Coordinates
loaded PartType0, Masses
loaded PartType0, StarFormationRate
loaded PartType0, Coordinates
saved sfrs
starting snapshot #18,   process id: 281475
starting snapshot #19,   process id: 281476
loaded PartType0, Coordinates
loaded PartType0, Masses
loaded PartType0, StarFormationRate
loaded PartType0, Coordinates
saved sfrs
starting snapshot #20,   process id: 281485
loaded PartType0, Coordinates
loaded PartType0, Masses
loaded PartType0, StarFormationRate
loaded PartType0, Coordinates
saved sfrs
loaded PartType0, Coordinates
loaded PartType0, Masses
loaded PartType0, StarFormationRate
loaded PartType0, Coordinates
saved sfrs
loaded PartType0, Coordinates
loaded PartType0, Masses
loaded PartType0, StarFormationRate
loaded PartType0, Coordinates
saved sfrs
starting snapshot #21,   process id: 281493
starting snapshot #22,   process id: 281494
starting snapshot #23,   process id: 281495
loaded PartType0, Coordinates
loaded PartType0, Masses
loaded PartType0, StarFormationRate
loaded PartType0, Coordinates
saved sfrs
starting snapshot #24,   process id: 281496
loaded PartType0, Coordinates
loaded PartType0, Masses
loaded PartType0, StarFormationRate
loaded PartType0, Coordinates
saved sfrs
loaded PartType0, Coordinates
loaded PartType0, Masses
loaded PartType0, StarFormationRate
loaded PartType0, Coordinates
saved sfrs
starting snapshot #25,   process id: 281497
loaded PartType0, Coordinates
loaded PartType0, Masses
loaded PartType0, StarFormationRate
loaded PartType0, Coordinates
saved sfrs
starting snapshot #26,   process id: 281498
loaded PartType0, Coordinates
loaded PartType0, Masses
loaded PartType0, StarFormationRate
loaded PartType0, Coordinates
saved sfrs
loaded PartType0, Coordinates
loaded PartType0, Masses
loaded PartType0, StarFormationRate
loaded PartType0, Coordinates
saved sfrs
starting snapshot #27,   process id: 281499
starting snapshot #28,   process id: 281500
starting snapshot #29,   process id: 281502
loaded PartType0, Coordinates
loaded PartType0, Masses
loaded PartType0, StarFormationRate
loaded PartType0, Coordinates
saved sfrs
starting snapshot #30,   process id: 281503
loaded PartType0, Coordinates
loaded PartType0, Masses
loaded PartType0, StarFormationRate
loaded PartType0, Coordinates
saved sfrs
loaded PartType0, Coordinates
loaded PartType0, Masses
loaded PartType0, StarFormationRate
loaded PartType0, Coordinates
saved sfrs
starting snapshot #31,   process id: 281504
starting snapshot #32,   process id: 281505
loaded PartType0, Coordinates
loaded PartType0, Masses
loaded PartType0, StarFormationRate
loaded PartType0, Coordinates
saved sfrs
starting snapshot #33,   process id: 281507
loaded PartType0, Coordinates
loaded PartType0, Masses
loaded PartType0, StarFormationRate
loaded PartType0, Coordinates
saved sfrs
starting snapshot #34,   process id: 281508
loaded PartType0, Coordinates
loaded PartType0, Masses
loaded PartType0, StarFormationRate
loaded PartType0, Coordinates
saved sfrs
loaded PartType0, Coordinates
loaded PartType0, Masses
loaded PartType0, StarFormationRate
loaded PartType0, Coordinates
saved sfrs
starting snapshot #35,   process id: 281509
loaded PartType0, Coordinates
loaded PartType0, Masses
loaded PartType0, StarFormationRate
loaded PartType0, Coordinates
saved sfrs
starting snapshot #36,   process id: 281510
loaded PartType0, Coordinates
loaded PartType0, Masses
loaded PartType0, StarFormationRate
loaded PartType0, Coordinates
saved sfrs
starting snapshot #37,   process id: 281511
starting snapshot #38,   process id: 281512
loaded PartType0, Coordinates
loaded PartType0, Masses
loaded PartType0, StarFormationRate
loaded PartType0, Coordinates
saved sfrs
starting snapshot #39,   process id: 281514
loaded PartType0, Coordinates
loaded PartType0, Masses
loaded PartType0, StarFormationRate
loaded PartType0, Coordinates
saved sfrs
starting snapshot #40,   process id: 281515
loaded PartType0, Coordinates
loaded PartType0, Masses
loaded PartType0, StarFormationRate
loaded PartType0, Coordinates
saved sfrs
loaded PartType0, Coordinates
loaded PartType0, Masses
loaded PartType0, StarFormationRate
loaded PartType0, Coordinates
saved sfrs
starting snapshot #41,   process id: 281516
starting snapshot #42,   process id: 281517
loaded PartType0, Coordinates
loaded PartType0, Masses
loaded PartType0, StarFormationRate
loaded PartType0, Coordinates
saved sfrs
starting snapshot #43,   process id: 281521
loaded PartType0, Coordinates
loaded PartType0, Masses
loaded PartType0, StarFormationRate
loaded PartType0, Coordinates
saved sfrs
starting snapshot #44,   process id: 281522
loaded PartType0, Coordinates
loaded PartType0, Masses
loaded PartType0, StarFormationRate
loaded PartType0, Coordinates
saved sfrs
loaded PartType0, Coordinates
loaded PartType0, Masses
loaded PartType0, StarFormationRate
loaded PartType0, Coordinates
saved sfrs
loaded PartType0, Coordinates
loaded PartType0, Masses
loaded PartType0, StarFormationRate
loaded PartType0, Coordinates
saved sfrs
starting snapshot #45,   process id: 281523
starting snapshot #46,   process id: 281524
loaded PartType0, Coordinates
loaded PartType0, Masses
loaded PartType0, StarFormationRate
loaded PartType0, Coordinates
saved sfrs
starting snapshot #47,   process id: 281525
starting snapshot #48,   process id: 281526
loaded PartType0, Coordinates
loaded PartType0, Masses
loaded PartType0, StarFormationRate
loaded PartType0, Coordinates
saved sfrs
starting snapshot #49,   process id: 281527
loaded PartType0, Coordinates
loaded PartType0, Masses
loaded PartType0, StarFormationRate
loaded PartType0, Coordinates
saved sfrs
starting snapshot #50,   process id: 281529
loaded PartType0, Coordinates
loaded PartType0, Masses
loaded PartType0, StarFormationRate
loaded PartType0, Coordinates
saved sfrs
loaded PartType0, Coordinates
loaded PartType0, Masses
loaded PartType0, StarFormationRate
loaded PartType0, Coordinates
saved sfrs
starting snapshot #51,   process id: 281530
starting snapshot #52,   process id: 281531
loaded PartType0, Coordinates
loaded PartType0, Masses
loaded PartType0, StarFormationRate
loaded PartType0, Coordinates
saved sfrs
loaded PartType0, Coordinates
loaded PartType0, Masses
loaded PartType0, StarFormationRate
loaded PartType0, Coordinates
saved sfrs
starting snapshot #53,   process id: 281533
loaded PartType0, Coordinates
loaded PartType0, Masses
loaded PartType0, StarFormationRate
loaded PartType0, Coordinates
saved sfrs
starting snapshot #54,   process id: 281534
starting snapshot #55,   process id: 281535
loaded PartType0, Coordinates
loaded PartType0, Masses
loaded PartType0, StarFormationRate
loaded PartType0, Coordinates
saved sfrs
loaded PartType0, Coordinates
loaded PartType0, Masses
loaded PartType0, StarFormationRate
loaded PartType0, Coordinates
saved sfrs
starting snapshot #56,   process id: 281536
loaded PartType0, Coordinates
loaded PartType0, Masses
loaded PartType0, StarFormationRate
loaded PartType0, Coordinates
saved sfrs
starting snapshot #57,   process id: 281537
starting snapshot #58,   process id: 281538
loaded PartType0, Coordinates
loaded PartType0, Masses
loaded PartType0, StarFormationRate
loaded PartType0, Coordinates
saved sfrs
starting snapshot #59,   process id: 281539
loaded PartType0, Coordinates
loaded PartType0, Masses
loaded PartType0, StarFormationRate
loaded PartType0, Coordinates
saved sfrs
starting snapshot #60,   process id: 281541
loaded PartType0, Coordinates
loaded PartType0, Masses
loaded PartType0, StarFormationRate
loaded PartType0, Coordinates
saved sfrs
loaded PartType0, Coordinates
loaded PartType0, Masses
loaded PartType0, StarFormationRate
loaded PartType0, Coordinates
saved sfrs
starting snapshot #61,   process id: 281542
starting snapshot #62,   process id: 281543
loaded PartType0, Coordinates
loaded PartType0, Masses
loaded PartType0, StarFormationRate
loaded PartType0, Coordinates
saved sfrs
starting snapshot #63,   process id: 281545
loaded PartType0, Coordinates
loaded PartType0, Masses
loaded PartType0, StarFormationRate
loaded PartType0, Coordinates
saved sfrs
loaded PartType0, Coordinates
loaded PartType0, Masses
loaded PartType0, StarFormationRate
loaded PartType0, Coordinates
saved sfrs
loaded PartType0, Coordinates
loaded PartType0, Masses
loaded PartType0, StarFormationRate
loaded PartType0, Coordinates
saved sfrs
loaded PartType0, Coordinates
loaded PartType0, Masses
loaded PartType0, StarFormationRate
loaded PartType0, Coordinates
saved sfrs
starting snapshot #64,   process id: 281546
starting snapshot #65,   process id: 281547
starting snapshot #66,   process id: 281548
loaded PartType0, Coordinates
loaded PartType0, Masses
loaded PartType0, StarFormationRate
loaded PartType0, Coordinates
saved sfrs
starting snapshot #67,   process id: 281549
starting snapshot #68,   process id: 281550
loaded PartType0, Coordinates
loaded PartType0, Masses
loaded PartType0, StarFormationRate
loaded PartType0, Coordinates
saved sfrs
starting snapshot #69,   process id: 281551
loaded PartType0, Coordinates
loaded PartType0, Masses
loaded PartType0, StarFormationRate
loaded PartType0, Coordinates
saved sfrs
loaded PartType0, Coordinates
loaded PartType0, Masses
loaded PartType0, StarFormationRate
loaded PartType0, Coordinates
saved sfrs
starting snapshot #70,   process id: 281553
loaded PartType0, Coordinates
loaded PartType0, Masses
loaded PartType0, StarFormationRate
loaded PartType0, Coordinates
saved sfrs
starting snapshot #71,   process id: 281554
starting snapshot #72,   process id: 281555
loaded PartType0, Coordinates
loaded PartType0, Masses
loaded PartType0, StarFormationRate
loaded PartType0, Coordinates
saved sfrs
starting snapshot #73,   process id: 281556
loaded PartType0, Coordinates
loaded PartType0, Masses
loaded PartType0, StarFormationRate
loaded PartType0, Coordinates
saved sfrs
loaded PartType0, Coordinates
loaded PartType0, Masses
loaded PartType0, StarFormationRate
loaded PartType0, Coordinates
saved sfrs
starting snapshot #74,   process id: 281558
loaded PartType0, Coordinates
loaded PartType0, Masses
loaded PartType0, StarFormationRate
loaded PartType0, Coordinates
saved sfrs
starting snapshot #75,   process id: 281559
starting snapshot #76,   process id: 281560
loaded PartType0, Coordinates
loaded PartType0, Masses
loaded PartType0, StarFormationRate
loaded PartType0, Coordinates
saved sfrs
starting snapshot #77,   process id: 281561
loaded PartType0, Coordinates
loaded PartType0, Masses
loaded PartType0, StarFormationRate
loaded PartType0, Coordinates
saved sfrs
starting snapshot #78,   process id: 281562
loaded PartType0, Coordinates
loaded PartType0, Masses
loaded PartType0, StarFormationRate
loaded PartType0, Coordinates
saved sfrs
starting snapshot #79,   process id: 281563
loaded PartType0, Coordinates
loaded PartType0, Masses
loaded PartType0, StarFormationRate
loaded PartType0, Coordinates
saved sfrs
starting snapshot #80,   process id: 281565
loaded PartType0, Coordinates
loaded PartType0, Masses
loaded PartType0, StarFormationRate
loaded PartType0, Coordinates
saved sfrs
starting snapshot #81,   process id: 281566
loaded PartType0, Coordinates
loaded PartType0, Masses
loaded PartType0, StarFormationRate
loaded PartType0, Coordinates
saved sfrs
starting snapshot #82,   process id: 281567
loaded PartType0, Coordinates
loaded PartType0, Masses
loaded PartType0, StarFormationRate
loaded PartType0, Coordinates
saved sfrs
starting snapshot #83,   process id: 281568
loaded PartType0, Coordinates
loaded PartType0, Masses
loaded PartType0, StarFormationRate
loaded PartType0, Coordinates
saved sfrs
starting snapshot #84,   process id: 281569
loaded PartType0, Coordinates
loaded PartType0, Masses
loaded PartType0, StarFormationRate
loaded PartType0, Coordinates
saved sfrs
loaded PartType0, Coordinates
loaded PartType0, Masses
loaded PartType0, StarFormationRate
loaded PartType0, Coordinates
saved sfrs
loaded PartType0, Coordinates
loaded PartType0, Masses
loaded PartType0, StarFormationRate
loaded PartType0, Coordinates
saved sfrs
starting snapshot #85,   process id: 281571
starting snapshot #86,   process id: 281572
starting snapshot #87,   process id: 281573
loaded PartType0, Coordinates
loaded PartType0, Masses
loaded PartType0, StarFormationRate
loaded PartType0, Coordinates
saved sfrs
starting snapshot #88,   process id: 281574
loaded PartType0, Coordinates
loaded PartType0, Masses
loaded PartType0, StarFormationRate
loaded PartType0, Coordinates
saved sfrs
starting snapshot #89,   process id: 281575
loaded PartType0, Coordinates
loaded PartType0, Masses
loaded PartType0, StarFormationRate
loaded PartType0, Coordinates
saved sfrs
starting snapshot #90,   process id: 281576
loaded PartType0, Coordinates
loaded PartType0, Masses
loaded PartType0, StarFormationRate
loaded PartType0, Coordinates
saved sfrs
loaded PartType0, Coordinates
loaded PartType0, Masses
loaded PartType0, StarFormationRate
loaded PartType0, Coordinates
saved sfrs
starting snapshot #91,   process id: 281578
starting snapshot #92,   process id: 281579
loaded PartType0, Coordinates
loaded PartType0, Masses
loaded PartType0, StarFormationRate
loaded PartType0, Coordinates
saved sfrs
starting snapshot #93,   process id: 281580
loaded PartType0, Coordinates
loaded PartType0, Masses
loaded PartType0, StarFormationRate
loaded PartType0, Coordinates
saved sfrs
starting snapshot #94,   process id: 281581
loaded PartType0, Coordinates
loaded PartType0, Masses
loaded PartType0, StarFormationRate
loaded PartType0, Coordinates
saved sfrs
starting snapshot #95,   process id: 281582
loaded PartType0, Coordinates
loaded PartType0, Masses
loaded PartType0, StarFormationRate
loaded PartType0, Coordinates
saved sfrs
loaded PartType0, Coordinates
loaded PartType0, Masses
loaded PartType0, StarFormationRate
loaded PartType0, Coordinates
saved sfrs
starting snapshot #96,   process id: 281584
starting snapshot #97,   process id: 281585
loaded PartType0, Coordinates
loaded PartType0, Masses
loaded PartType0, StarFormationRate
loaded PartType0, Coordinates
saved sfrs
starting snapshot #98,   process id: 281586
loaded PartType0, Coordinates
loaded PartType0, Masses
loaded PartType0, StarFormationRate
loaded PartType0, Coordinates
saved sfrs
starting snapshot #99,   process id: 281587
loaded PartType0, Coordinates
loaded PartType0, Masses
loaded PartType0, StarFormationRate
loaded PartType0, Coordinates
saved sfrs
starting snapshot #100,   process id: 281588
loaded PartType0, Coordinates
loaded PartType0, Masses
loaded PartType0, StarFormationRate
loaded PartType0, Coordinates
saved sfrs
starting snapshot #101,   process id: 281589
loaded PartType0, Coordinates
loaded PartType0, Masses
loaded PartType0, StarFormationRate
loaded PartType0, Coordinates
saved sfrs
starting snapshot #102,   process id: 281591
loaded PartType0, Coordinates
loaded PartType0, Masses
loaded PartType0, StarFormationRate
loaded PartType0, Coordinates
saved sfrs
starting snapshot #103,   process id: 281592
loaded PartType0, Coordinates
loaded PartType0, Masses
loaded PartType0, StarFormationRate
loaded PartType0, Coordinates
saved sfrs
starting snapshot #104,   process id: 281593
loaded PartType0, Coordinates
loaded PartType0, Masses
loaded PartType0, StarFormationRate
loaded PartType0, Coordinates
saved sfrs
starting snapshot #105,   process id: 281594
loaded PartType0, Coordinates
loaded PartType0, Masses
loaded PartType0, StarFormationRate
loaded PartType0, Coordinates
saved sfrs
loaded PartType0, Coordinates
loaded PartType0, Masses
loaded PartType0, StarFormationRate
loaded PartType0, Coordinates
saved sfrs
starting snapshot #106,   process id: 281595
starting snapshot #107,   process id: 281596
loaded PartType0, Coordinates
loaded PartType0, Masses
loaded PartType0, StarFormationRate
loaded PartType0, Coordinates
saved sfrs
starting snapshot #108,   process id: 281597
loaded PartType0, Coordinates
loaded PartType0, Masses
loaded PartType0, StarFormationRate
loaded PartType0, Coordinates
saved sfrs
starting snapshot #109,   process id: 281601
loaded PartType0, Coordinates
loaded PartType0, Masses
loaded PartType0, StarFormationRate
loaded PartType0, Coordinates
saved sfrs
starting snapshot #110,   process id: 281602
loaded PartType0, Coordinates
loaded PartType0, Masses
loaded PartType0, StarFormationRate
loaded PartType0, Coordinates
saved sfrs
starting snapshot #111,   process id: 281603
loaded PartType0, Coordinates
loaded PartType0, Masses
loaded PartType0, StarFormationRate
loaded PartType0, Coordinates
saved sfrs
starting snapshot #112,   process id: 281604
loaded PartType0, Coordinates
loaded PartType0, Masses
loaded PartType0, StarFormationRate
loaded PartType0, Coordinates
saved sfrs
loaded PartType0, Coordinates
loaded PartType0, Masses
loaded PartType0, StarFormationRate
loaded PartType0, Coordinates
saved sfrs
starting snapshot #113,   process id: 281606
starting snapshot #114,   process id: 281607
loaded PartType0, Coordinates
loaded PartType0, Masses
loaded PartType0, StarFormationRate
loaded PartType0, Coordinates
saved sfrs
starting snapshot #115,   process id: 281608
loaded PartType0, Coordinates
loaded PartType0, Masses
loaded PartType0, StarFormationRate
loaded PartType0, Coordinates
saved sfrs
loaded PartType0, Coordinates
loaded PartType0, Masses
loaded PartType0, StarFormationRate
loaded PartType0, Coordinates
saved sfrs
loaded PartType0, Coordinates
loaded PartType0, Masses
loaded PartType0, StarFormationRate
loaded PartType0, Coordinates
saved sfrs
starting snapshot #116,   process id: 281609
starting snapshot #117,   process id: 281610
starting snapshot #118,   process id: 281611
loaded PartType0, Coordinates
loaded PartType0, Masses
loaded PartType0, StarFormationRate
loaded PartType0, Coordinates
saved sfrs
starting snapshot #119,   process id: 281613
loaded PartType0, Coordinates
loaded PartType0, Masses
loaded PartType0, StarFormationRate
loaded PartType0, Coordinates
saved sfrs
starting snapshot #120,   process id: 281614
loaded PartType0, Coordinates
loaded PartType0, Masses
loaded PartType0, StarFormationRate
loaded PartType0, Coordinates
saved sfrs
starting snapshot #121,   process id: 281615
loaded PartType0, Coordinates
loaded PartType0, Masses
loaded PartType0, StarFormationRate
loaded PartType0, Coordinates
saved sfrs
starting snapshot #122,   process id: 281616
loaded PartType0, Coordinates
loaded PartType0, Masses
loaded PartType0, StarFormationRate
loaded PartType0, Coordinates
saved sfrs
starting snapshot #123,   process id: 281618
loaded PartType0, Coordinates
loaded PartType0, Masses
loaded PartType0, StarFormationRate
loaded PartType0, Coordinates
saved sfrs
loaded PartType0, Coordinates
loaded PartType0, Masses
loaded PartType0, StarFormationRate
loaded PartType0, Coordinates
saved sfrs
starting snapshot #124,   process id: 281619
starting snapshot #125,   process id: 281620
loaded PartType0, Coordinates
loaded PartType0, Masses
loaded PartType0, StarFormationRate
loaded PartType0, Coordinates
saved sfrs
loaded PartType0, Coordinates
loaded PartType0, Masses
loaded PartType0, StarFormationRate
loaded PartType0, Coordinates
saved sfrs
loaded PartType0, Coordinates
loaded PartType0, Masses
loaded PartType0, StarFormationRate
loaded PartType0, Coordinates
saved sfrs
starting snapshot #126,   process id: 281621
starting snapshot #127,   process id: 281622
starting snapshot #128,   process id: 281623
loaded PartType0, Coordinates
loaded PartType0, Masses
loaded PartType0, StarFormationRate
loaded PartType0, Coordinates
saved sfrs
starting snapshot #129,   process id: 281624
loaded PartType0, Coordinates
loaded PartType0, Masses
loaded PartType0, StarFormationRate
loaded PartType0, Coordinates
saved sfrs
starting snapshot #130,   process id: 281626
loaded PartType0, Coordinates
loaded PartType0, Masses
loaded PartType0, StarFormationRate
loaded PartType0, Coordinates
saved sfrs
starting snapshot #131,   process id: 281627
loaded PartType0, Coordinates
loaded PartType0, Masses
loaded PartType0, StarFormationRate
loaded PartType0, Coordinates
saved sfrs
starting snapshot #132,   process id: 281628
loaded PartType0, Coordinates
loaded PartType0, Masses
loaded PartType0, StarFormationRate
loaded PartType0, Coordinates
saved sfrs
starting snapshot #133,   process id: 281629
loaded PartType0, Coordinates
loaded PartType0, Masses
loaded PartType0, StarFormationRate
loaded PartType0, Coordinates
saved sfrs
starting snapshot #134,   process id: 281630
loaded PartType0, Coordinates
loaded PartType0, Masses
loaded PartType0, StarFormationRate
loaded PartType0, Coordinates
saved sfrs
starting snapshot #135,   process id: 281632
loaded PartType0, Coordinates
loaded PartType0, Masses
loaded PartType0, StarFormationRate
loaded PartType0, Coordinates
saved sfrs
starting snapshot #136,   process id: 281633
loaded PartType0, Coordinates
loaded PartType0, Masses
loaded PartType0, StarFormationRate
loaded PartType0, Coordinates
saved sfrs
starting snapshot #137,   process id: 281634
loaded PartType0, Coordinates
loaded PartType0, Masses
loaded PartType0, StarFormationRate
loaded PartType0, Coordinates
saved sfrs
starting snapshot #138,   process id: 281635
loaded PartType0, Coordinates
loaded PartType0, Masses
loaded PartType0, StarFormationRate
loaded PartType0, Coordinates
saved sfrs
starting snapshot #139,   process id: 281636
loaded PartType0, Coordinates
loaded PartType0, Masses
loaded PartType0, StarFormationRate
loaded PartType0, Coordinates
saved sfrs
loaded PartType0, Coordinates
loaded PartType0, Masses
loaded PartType0, StarFormationRate
loaded PartType0, Coordinates
saved sfrs
starting snapshot #140,   process id: 281637
starting snapshot #141,   process id: 281638
loaded PartType0, Coordinates
loaded PartType0, Masses
loaded PartType0, StarFormationRate
loaded PartType0, Coordinates
saved sfrs
starting snapshot #142,   process id: 281640
loaded PartType0, Coordinates
loaded PartType0, Masses
loaded PartType0, StarFormationRate
loaded PartType0, Coordinates
saved sfrs
loaded PartType0, Coordinates
loaded PartType0, Masses
loaded PartType0, StarFormationRate
loaded PartType0, Coordinates
saved sfrs
starting snapshot #143,   process id: 281641
starting snapshot #144,   process id: 281642
loaded PartType0, Coordinates
loaded PartType0, Masses
loaded PartType0, StarFormationRate
loaded PartType0, Coordinates
saved sfrs
starting snapshot #145,   process id: 281643
loaded PartType0, Coordinates
loaded PartType0, Masses
loaded PartType0, StarFormationRate
loaded PartType0, Coordinates
saved sfrs
starting snapshot #146,   process id: 281645
loaded PartType0, Coordinates
loaded PartType0, Masses
loaded PartType0, StarFormationRate
loaded PartType0, Coordinates
saved sfrs
loaded PartType0, Coordinates
loaded PartType0, Masses
loaded PartType0, StarFormationRate
loaded PartType0, Coordinates
saved sfrs
starting snapshot #147,   process id: 281646
starting snapshot #148,   process id: 281647
loaded PartType0, Coordinates
loaded PartType0, Masses
loaded PartType0, StarFormationRate
loaded PartType0, Coordinates
saved sfrs
loaded PartType0, Coordinates
loaded PartType0, Masses
loaded PartType0, StarFormationRate
loaded PartType0, Coordinates
saved sfrs
loaded PartType0, Coordinates
loaded PartType0, Masses
loaded PartType0, StarFormationRate
loaded PartType0, Coordinates
saved sfrs
starting snapshot #149,   process id: 281660
starting snapshot #150,   process id: 281661
starting snapshot #151,   process id: 281662
loaded PartType0, Coordinates
loaded PartType0, Masses
loaded PartType0, StarFormationRate
loaded PartType0, Coordinates
saved sfrs
starting snapshot #152,   process id: 281664
loaded PartType0, Coordinates
loaded PartType0, Masses
loaded PartType0, StarFormationRate
loaded PartType0, Coordinates
saved sfrs
loaded PartType0, Coordinates
loaded PartType0, Masses
loaded PartType0, StarFormationRate
loaded PartType0, Coordinates
saved sfrs
starting snapshot #153,   process id: 281665
starting snapshot #154,   process id: 281666
loaded PartType0, Coordinates
loaded PartType0, Masses
loaded PartType0, StarFormationRate
loaded PartType0, Coordinates
saved sfrs
starting snapshot #155,   process id: 281667
loaded PartType0, Coordinates
loaded PartType0, Masses
loaded PartType0, StarFormationRate
loaded PartType0, Coordinates
saved sfrs
starting snapshot #156,   process id: 281668
loaded PartType0, Coordinates
loaded PartType0, Masses
loaded PartType0, StarFormationRate
loaded PartType0, Coordinates
saved sfrs
starting snapshot #157,   process id: 281669
loaded PartType0, Coordinates
loaded PartType0, Masses
loaded PartType0, StarFormationRate
loaded PartType0, Coordinates
saved sfrs
starting snapshot #158,   process id: 281670
loaded PartType0, Coordinates
loaded PartType0, Masses
loaded PartType0, StarFormationRate
loaded PartType0, Coordinates
saved sfrs
starting snapshot #159,   process id: 281672
loaded PartType0, Coordinates
loaded PartType0, Masses
loaded PartType0, StarFormationRate
loaded PartType0, Coordinates
saved sfrs
starting snapshot #160,   process id: 281673
loaded PartType0, Coordinates
loaded PartType0, Masses
loaded PartType0, StarFormationRate
loaded PartType0, Coordinates
saved sfrs
starting snapshot #161,   process id: 281674
loaded PartType0, Coordinates
loaded PartType0, Masses
loaded PartType0, StarFormationRate
loaded PartType0, Coordinates
saved sfrs
starting snapshot #162,   process id: 281676
loaded PartType0, Coordinates
loaded PartType0, Masses
loaded PartType0, StarFormationRate
loaded PartType0, Coordinates
saved sfrs
loaded PartType0, Coordinates
loaded PartType0, Masses
loaded PartType0, StarFormationRate
loaded PartType0, Coordinates
saved sfrs
starting snapshot #163,   process id: 281677
starting snapshot #164,   process id: 281678
loaded PartType0, Coordinates
loaded PartType0, Masses
loaded PartType0, StarFormationRate
loaded PartType0, Coordinates
saved sfrs
loaded PartType0, Coordinates
loaded PartType0, Masses
loaded PartType0, StarFormationRate
loaded PartType0, Coordinates
saved sfrs
starting snapshot #165,   process id: 281679
starting snapshot #166,   process id: 281680
loaded PartType0, Coordinates
loaded PartType0, Masses
loaded PartType0, StarFormationRate
loaded PartType0, Coordinates
saved sfrs
starting snapshot #167,   process id: 281682
loaded PartType0, Coordinates
loaded PartType0, Masses
loaded PartType0, StarFormationRate
loaded PartType0, Coordinates
saved sfrs
starting snapshot #168,   process id: 281683
loaded PartType0, Coordinates
loaded PartType0, Masses
loaded PartType0, StarFormationRate
loaded PartType0, Coordinates
saved sfrs
starting snapshot #169,   process id: 281685
loaded PartType0, Coordinates
loaded PartType0, Masses
loaded PartType0, StarFormationRate
loaded PartType0, Coordinates
saved sfrs
starting snapshot #170,   process id: 281686
loaded PartType0, Coordinates
loaded PartType0, Masses
loaded PartType0, StarFormationRate
loaded PartType0, Coordinates
saved sfrs
starting snapshot #171,   process id: 281687
loaded PartType0, Coordinates
loaded PartType0, Masses
loaded PartType0, StarFormationRate
loaded PartType0, Coordinates
saved sfrs
starting snapshot #172,   process id: 281689
loaded PartType0, Coordinates
loaded PartType0, Masses
loaded PartType0, StarFormationRate
loaded PartType0, Coordinates
saved sfrs
loaded PartType0, Coordinates
loaded PartType0, Masses
loaded PartType0, StarFormationRate
loaded PartType0, Coordinates
saved sfrs
starting snapshot #173,   process id: 281690
starting snapshot #174,   process id: 281691
loaded PartType0, Coordinates
loaded PartType0, Masses
loaded PartType0, StarFormationRate
loaded PartType0, Coordinates
saved sfrs
loaded PartType0, Coordinates
loaded PartType0, Masses
loaded PartType0, StarFormationRate
loaded PartType0, Coordinates
saved sfrs
starting snapshot #175,   process id: 281692
starting snapshot #176,   process id: 281695
loaded PartType0, Coordinates
loaded PartType0, Masses
loaded PartType0, StarFormationRate
loaded PartType0, Coordinates
saved sfrs
loaded PartType0, Coordinates
loaded PartType0, Masses
loaded PartType0, StarFormationRate
loaded PartType0, Coordinates
saved sfrs
starting snapshot #177,   process id: 281696
starting snapshot #178,   process id: 281697
loaded PartType0, Coordinates
loaded PartType0, Masses
loaded PartType0, StarFormationRate
loaded PartType0, Coordinates
saved sfrs
starting snapshot #179,   process id: 281699
loaded PartType0, Coordinates
loaded PartType0, Masses
loaded PartType0, StarFormationRate
loaded PartType0, Coordinates
saved sfrs
starting snapshot #180,   process id: 281700
loaded PartType0, Coordinates
loaded PartType0, Masses
loaded PartType0, StarFormationRate
loaded PartType0, Coordinates
saved sfrs
starting snapshot #181,   process id: 281701
loaded PartType0, Coordinates
loaded PartType0, Masses
loaded PartType0, StarFormationRate
loaded PartType0, Coordinates
saved sfrs
loaded PartType0, Coordinates
loaded PartType0, Masses
loaded PartType0, StarFormationRate
loaded PartType0, Coordinates
saved sfrs
starting snapshot #182,   process id: 281702
loaded PartType0, Coordinates
loaded PartType0, Masses
loaded PartType0, StarFormationRate
loaded PartType0, Coordinates
saved sfrs
loaded PartType0, Coordinates
loaded PartType0, Masses
loaded PartType0, StarFormationRate
loaded PartType0, Coordinates
saved sfrs
starting snapshot #183,   process id: 281703
starting snapshot #184,   process id: 281704
starting snapshot #185,   process id: 281706
loaded PartType0, Coordinates
loaded PartType0, Masses
loaded PartType0, StarFormationRate
loaded PartType0, Coordinates
saved sfrs
starting snapshot #186,   process id: 281707
loaded PartType0, Coordinates
loaded PartType0, Masses
loaded PartType0, StarFormationRate
loaded PartType0, Coordinates
saved sfrs
loaded PartType0, Coordinates
loaded PartType0, Masses
loaded PartType0, StarFormationRate
loaded PartType0, Coordinates
saved sfrs
starting snapshot #187,   process id: 281708
starting snapshot #188,   process id: 281709
loaded PartType0, Coordinates
loaded PartType0, Masses
loaded PartType0, StarFormationRate
loaded PartType0, Coordinates
saved sfrs
loaded PartType0, Coordinates
loaded PartType0, Masses
loaded PartType0, StarFormationRate
loaded PartType0, Coordinates
saved sfrs
starting snapshot #189,   process id: 281710
starting snapshot #190,   process id: 281712
loaded PartType0, Coordinates
loaded PartType0, Masses
loaded PartType0, StarFormationRate
loaded PartType0, Coordinates
saved sfrs
starting snapshot #191,   process id: 281713
loaded PartType0, Coordinates
loaded PartType0, Masses
loaded PartType0, StarFormationRate
loaded PartType0, Coordinates
saved sfrs
starting snapshot #192,   process id: 281714
loaded PartType0, Coordinates
loaded PartType0, Masses
loaded PartType0, StarFormationRate
loaded PartType0, Coordinates
saved sfrs
loaded PartType0, Coordinates
loaded PartType0, Masses
loaded PartType0, StarFormationRate
loaded PartType0, Coordinates
saved sfrs
starting snapshot #193,   process id: 281715
loaded PartType0, Coordinates
loaded PartType0, Masses
loaded PartType0, StarFormationRate
loaded PartType0, Coordinates
saved sfrs
loaded PartType0, Coordinates
loaded PartType0, Masses
loaded PartType0, StarFormationRate
loaded PartType0, Coordinates
saved sfrs
starting snapshot #194,   process id: 281716
starting snapshot #195,   process id: 281717
starting snapshot #196,   process id: 281718
loaded PartType0, Coordinates
loaded PartType0, Masses
loaded PartType0, StarFormationRate
loaded PartType0, Coordinates
saved sfrs
starting snapshot #197,   process id: 281720
loaded PartType0, Coordinates
loaded PartType0, Masses
loaded PartType0, StarFormationRate
loaded PartType0, Coordinates
saved sfrs
starting snapshot #198,   process id: 281721
loaded PartType0, Coordinates
loaded PartType0, Masses
loaded PartType0, StarFormationRate
loaded PartType0, Coordinates
saved sfrs
starting snapshot #199,   process id: 281722
loaded PartType0, Coordinates
loaded PartType0, Masses
loaded PartType0, StarFormationRate
loaded PartType0, Coordinates
saved sfrs
starting snapshot #200,   process id: 281723
loaded PartType0, Coordinates
loaded PartType0, Masses
loaded PartType0, StarFormationRate
loaded PartType0, Coordinates
saved sfrs
starting snapshot #201,   process id: 281724
loaded PartType0, Coordinates
loaded PartType0, Masses
loaded PartType0, StarFormationRate
loaded PartType0, Coordinates
saved sfrs
loaded PartType0, Coordinates
loaded PartType0, Masses
loaded PartType0, StarFormationRate
loaded PartType0, Coordinates
saved sfrs
starting snapshot #202,   process id: 281726
loaded PartType0, Coordinates
loaded PartType0, Masses
loaded PartType0, StarFormationRate
loaded PartType0, Coordinates
saved sfrs
starting snapshot #203,   process id: 281727
loaded PartType0, Coordinates
loaded PartType0, Masses
loaded PartType0, StarFormationRate
loaded PartType0, Coordinates
saved sfrs
starting snapshot #204,   process id: 281728
starting snapshot #205,   process id: 281729
loaded PartType0, Coordinates
loaded PartType0, Masses
loaded PartType0, StarFormationRate
loaded PartType0, Coordinates
saved sfrs
starting snapshot #206,   process id: 281730
loaded PartType0, Coordinates
loaded PartType0, Masses
loaded PartType0, StarFormationRate
loaded PartType0, Coordinates
saved sfrs
starting snapshot #207,   process id: 281731
loaded PartType0, Coordinates
loaded PartType0, Masses
loaded PartType0, StarFormationRate
loaded PartType0, Coordinates
saved sfrs
starting snapshot #208,   process id: 281733
loaded PartType0, Coordinates
loaded PartType0, Masses
loaded PartType0, StarFormationRate
loaded PartType0, Coordinates
saved sfrs
starting snapshot #209,   process id: 281734
loaded PartType0, Coordinates
loaded PartType0, Masses
loaded PartType0, StarFormationRate
loaded PartType0, Coordinates
saved sfrs
starting snapshot #210,   process id: 281735
loaded PartType0, Coordinates
loaded PartType0, Masses
loaded PartType0, StarFormationRate
loaded PartType0, Coordinates
saved sfrs
starting snapshot #211,   process id: 281736
loaded PartType0, Coordinates
loaded PartType0, Masses
loaded PartType0, StarFormationRate
loaded PartType0, Coordinates
saved sfrs
starting snapshot #212,   process id: 281738
loaded PartType0, Coordinates
loaded PartType0, Masses
loaded PartType0, StarFormationRate
loaded PartType0, Coordinates
saved sfrs
loaded PartType0, Coordinates
loaded PartType0, Masses
loaded PartType0, StarFormationRate
loaded PartType0, Coordinates
saved sfrs
loaded PartType0, Coordinates
loaded PartType0, Masses
loaded PartType0, StarFormationRate
loaded PartType0, Coordinates
saved sfrs
loaded PartType0, Coordinates
loaded PartType0, Masses
loaded PartType0, StarFormationRate
loaded PartType0, Coordinates
saved sfrs
starting snapshot #213,   process id: 281739
starting snapshot #214,   process id: 281740
starting snapshot #215,   process id: 281741
starting snapshot #216,   process id: 281742
loaded PartType0, Coordinates
loaded PartType0, Masses
loaded PartType0, StarFormationRate
loaded PartType0, Coordinates
saved sfrs
starting snapshot #217,   process id: 281743
loaded PartType0, Coordinates
loaded PartType0, Masses
loaded PartType0, StarFormationRate
loaded PartType0, Coordinates
saved sfrs
starting snapshot #218,   process id: 281744
loaded PartType0, Coordinates
loaded PartType0, Masses
loaded PartType0, StarFormationRate
loaded PartType0, Coordinates
saved sfrs
loaded PartType0, Coordinates
loaded PartType0, Masses
loaded PartType0, StarFormationRate
loaded PartType0, Coordinates
saved sfrs
starting snapshot #219,   process id: 281746
starting snapshot #220,   process id: 281747
loaded PartType0, Coordinates
loaded PartType0, Masses
loaded PartType0, StarFormationRate
loaded PartType0, Coordinates
saved sfrs
starting snapshot #221,   process id: 281748
loaded PartType0, Coordinates
loaded PartType0, Masses
loaded PartType0, StarFormationRate
loaded PartType0, Coordinates
saved sfrs
starting snapshot #222,   process id: 281749
loaded PartType0, Coordinates
loaded PartType0, Masses
loaded PartType0, StarFormationRate
loaded PartType0, Coordinates
saved sfrs
loaded PartType0, Coordinates
loaded PartType0, Masses
loaded PartType0, StarFormationRate
loaded PartType0, Coordinates
saved sfrs
starting snapshot #223,   process id: 281751
loaded PartType0, Coordinates
loaded PartType0, Masses
loaded PartType0, StarFormationRate
loaded PartType0, Coordinates
saved sfrs
starting snapshot #224,   process id: 281752
starting snapshot #225,   process id: 281753
loaded PartType0, Coordinates
loaded PartType0, Masses
loaded PartType0, StarFormationRate
loaded PartType0, Coordinates
saved sfrs
starting snapshot #226,   process id: 281754
loaded PartType0, Coordinates
loaded PartType0, Masses
loaded PartType0, StarFormationRate
loaded PartType0, Coordinates
saved sfrs
loaded PartType0, Coordinates
loaded PartType0, Masses
loaded PartType0, StarFormationRate
loaded PartType0, Coordinates
saved sfrs
starting snapshot #227,   process id: 281756
starting snapshot #228,   process id: 281757
loaded PartType0, Coordinates
loaded PartType0, Masses
loaded PartType0, StarFormationRate
loaded PartType0, Coordinates
saved sfrs
starting snapshot #229,   process id: 281758
loaded PartType0, Coordinates
loaded PartType0, Masses
loaded PartType0, StarFormationRate
loaded PartType0, Coordinates
saved sfrs
starting snapshot #230,   process id: 281760
loaded PartType0, Coordinates
loaded PartType0, Masses
loaded PartType0, StarFormationRate
loaded PartType0, Coordinates
saved sfrs
starting snapshot #231,   process id: 281761
loaded PartType0, Coordinates
loaded PartType0, Masses
loaded PartType0, StarFormationRate
loaded PartType0, Coordinates
saved sfrs
starting snapshot #232,   process id: 281762
loaded PartType0, Coordinates
loaded PartType0, Masses
loaded PartType0, StarFormationRate
loaded PartType0, Coordinates
saved sfrs
loaded PartType0, Coordinates
loaded PartType0, Masses
loaded PartType0, StarFormationRate
loaded PartType0, Coordinates
saved sfrs
starting snapshot #233,   process id: 281763
loaded PartType0, Coordinates
loaded PartType0, Masses
loaded PartType0, StarFormationRate
loaded PartType0, Coordinates
saved sfrs
starting snapshot #234,   process id: 281764
starting snapshot #235,   process id: 281765
loaded PartType0, Coordinates
loaded PartType0, Masses
loaded PartType0, StarFormationRate
loaded PartType0, Coordinates
saved sfrs
starting snapshot #236,   process id: 281767
loaded PartType0, Coordinates
loaded PartType0, Masses
loaded PartType0, StarFormationRate
loaded PartType0, Coordinates
saved sfrs
starting snapshot #237,   process id: 281768
loaded PartType0, Coordinates
loaded PartType0, Masses
loaded PartType0, StarFormationRate
loaded PartType0, Coordinates
saved sfrs
starting snapshot #238,   process id: 281769
loaded PartType0, Coordinates
loaded PartType0, Masses
loaded PartType0, StarFormationRate
loaded PartType0, Coordinates
saved sfrs
loaded PartType0, Coordinates
loaded PartType0, Masses
loaded PartType0, StarFormationRate
loaded PartType0, Coordinates
saved sfrs
starting snapshot #239,   process id: 281770
starting snapshot #240,   process id: 281771
loaded PartType0, Coordinates
loaded PartType0, Masses
loaded PartType0, StarFormationRate
loaded PartType0, Coordinates
saved sfrs
starting snapshot #241,   process id: 281773
loaded PartType0, Coordinates
loaded PartType0, Masses
loaded PartType0, StarFormationRate
loaded PartType0, Coordinates
saved sfrs
starting snapshot #242,   process id: 281776
loaded PartType0, Coordinates
loaded PartType0, Masses
loaded PartType0, StarFormationRate
loaded PartType0, Coordinates
saved sfrs
starting snapshot #243,   process id: 281777
loaded PartType0, Coordinates
loaded PartType0, Masses
loaded PartType0, StarFormationRate
loaded PartType0, Coordinates
saved sfrs
starting snapshot #244,   process id: 281778
loaded PartType0, Coordinates
loaded PartType0, Masses
loaded PartType0, StarFormationRate
loaded PartType0, Coordinates
saved sfrs
loaded PartType0, Coordinates
loaded PartType0, Masses
loaded PartType0, StarFormationRate
loaded PartType0, Coordinates
saved sfrs
starting snapshot #245,   process id: 281779
starting snapshot #246,   process id: 281780
loaded PartType0, Coordinates
loaded PartType0, Masses
loaded PartType0, StarFormationRate
loaded PartType0, Coordinates
saved sfrs
starting snapshot #247,   process id: 281782
loaded PartType0, Coordinates
loaded PartType0, Masses
loaded PartType0, StarFormationRate
loaded PartType0, Coordinates
saved sfrs
loaded PartType0, Coordinates
loaded PartType0, Masses
loaded PartType0, StarFormationRate
loaded PartType0, Coordinates
saved sfrs
starting snapshot #248,   process id: 281783
starting snapshot #249,   process id: 281784
loaded PartType0, Coordinates
loaded PartType0, Masses
loaded PartType0, StarFormationRate
loaded PartType0, Coordinates
saved sfrs
starting snapshot #250,   process id: 281785
loaded PartType0, Coordinates
loaded PartType0, Masses
loaded PartType0, StarFormationRate
loaded PartType0, Coordinates
saved sfrs
starting snapshot #251,   process id: 281786
loaded PartType0, Coordinates
loaded PartType0, Masses
loaded PartType0, StarFormationRate
loaded PartType0, Coordinates
saved sfrs
starting snapshot #252,   process id: 281788
loaded PartType0, Coordinates
loaded PartType0, Masses
loaded PartType0, StarFormationRate
loaded PartType0, Coordinates
saved sfrs
starting snapshot #253,   process id: 281789
loaded PartType0, Coordinates
loaded PartType0, Masses
loaded PartType0, StarFormationRate
loaded PartType0, Coordinates
saved sfrs
starting snapshot #254,   process id: 281790
loaded PartType0, Coordinates
loaded PartType0, Masses
loaded PartType0, StarFormationRate
loaded PartType0, Coordinates
saved sfrs
loaded PartType0, Coordinates
loaded PartType0, Masses
loaded PartType0, StarFormationRate
loaded PartType0, Coordinates
saved sfrs
starting snapshot #255,   process id: 281791
starting snapshot #256,   process id: 281792
loaded PartType0, Coordinates
loaded PartType0, Masses
loaded PartType0, StarFormationRate
loaded PartType0, Coordinates
saved sfrs
starting snapshot #257,   process id: 281793
loaded PartType0, Coordinates
loaded PartType0, Masses
loaded PartType0, StarFormationRate
loaded PartType0, Coordinates
saved sfrs
starting snapshot #258,   process id: 281795
loaded PartType0, Coordinates
loaded PartType0, Masses
loaded PartType0, StarFormationRate
loaded PartType0, Coordinates
saved sfrs
loaded PartType0, Coordinates
loaded PartType0, Masses
loaded PartType0, StarFormationRate
loaded PartType0, Coordinates
saved sfrs
starting snapshot #259,   process id: 281796
starting snapshot #260,   process id: 281797
loaded PartType0, Coordinates
loaded PartType0, Masses
loaded PartType0, StarFormationRate
loaded PartType0, Coordinates
saved sfrs
starting snapshot #261,   process id: 281798
loaded PartType0, Coordinates
loaded PartType0, Masses
loaded PartType0, StarFormationRate
loaded PartType0, Coordinates
saved sfrs
loaded PartType0, Coordinates
loaded PartType0, Masses
loaded PartType0, StarFormationRate
loaded PartType0, Coordinates
saved sfrs
starting snapshot #262,   process id: 281799
starting snapshot #263,   process id: 281801
loaded PartType0, Coordinates
loaded PartType0, Masses
loaded PartType0, StarFormationRate
loaded PartType0, Coordinates
saved sfrs
starting snapshot #264,   process id: 281802
loaded PartType0, Coordinates
loaded PartType0, Masses
loaded PartType0, StarFormationRate
loaded PartType0, Coordinates
saved sfrs
loaded PartType0, Coordinates
loaded PartType0, Masses
loaded PartType0, StarFormationRate
loaded PartType0, Coordinates
saved sfrs
starting snapshot #265,   process id: 281803
starting snapshot #266,   process id: 281804
loaded PartType0, Coordinates
loaded PartType0, Masses
loaded PartType0, StarFormationRate
loaded PartType0, Coordinates
saved sfrs
starting snapshot #267,   process id: 281805
loaded PartType0, Coordinates
loaded PartType0, Masses
loaded PartType0, StarFormationRate
loaded PartType0, Coordinates
saved sfrs
loaded PartType0, Coordinates
loaded PartType0, Masses
loaded PartType0, StarFormationRate
loaded PartType0, Coordinates
saved sfrs
starting snapshot #268,   process id: 281806
starting snapshot #269,   process id: 281807
loaded PartType0, Coordinates
loaded PartType0, Masses
loaded PartType0, StarFormationRate
loaded PartType0, Coordinates
saved sfrs
starting snapshot #270,   process id: 281809
loaded PartType0, Coordinates
loaded PartType0, Masses
loaded PartType0, StarFormationRate
loaded PartType0, Coordinates
saved sfrs
starting snapshot #271,   process id: 281810
loaded PartType0, Coordinates
loaded PartType0, Masses
loaded PartType0, StarFormationRate
loaded PartType0, Coordinates
saved sfrs
starting snapshot #272,   process id: 281811
loaded PartType0, Coordinates
loaded PartType0, Masses
loaded PartType0, StarFormationRate
loaded PartType0, Coordinates
saved sfrs
starting snapshot #273,   process id: 281812
loaded PartType0, Coordinates
loaded PartType0, Masses
loaded PartType0, StarFormationRate
loaded PartType0, Coordinates
saved sfrs
starting snapshot #274,   process id: 281813
loaded PartType0, Coordinates
loaded PartType0, Masses
loaded PartType0, StarFormationRate
loaded PartType0, Coordinates
saved sfrs
loaded PartType0, Coordinates
loaded PartType0, Masses
loaded PartType0, StarFormationRate
loaded PartType0, Coordinates
saved sfrs
starting snapshot #275,   process id: 281815
starting snapshot #276,   process id: 281816
loaded PartType0, Coordinates
loaded PartType0, Masses
loaded PartType0, StarFormationRate
loaded PartType0, Coordinates
saved sfrs
loaded PartType0, Coordinates
loaded PartType0, Masses
loaded PartType0, StarFormationRate
loaded PartType0, Coordinates
saved sfrs
starting snapshot #277,   process id: 281817
starting snapshot #278,   process id: 281818
loaded PartType0, Coordinates
loaded PartType0, Masses
loaded PartType0, StarFormationRate
loaded PartType0, Coordinates
saved sfrs
starting snapshot #279,   process id: 281819
loaded PartType0, Coordinates
loaded PartType0, Masses
loaded PartType0, StarFormationRate
loaded PartType0, Coordinates
saved sfrs
loaded PartType0, Coordinates
loaded PartType0, Masses
loaded PartType0, StarFormationRate
loaded PartType0, Coordinates
saved sfrs
starting snapshot #280,   process id: 281820
starting snapshot #281,   process id: 281822
loaded PartType0, Coordinates
loaded PartType0, Masses
loaded PartType0, StarFormationRate
loaded PartType0, Coordinates
saved sfrs
starting snapshot #282,   process id: 281823
loaded PartType0, Coordinates
loaded PartType0, Masses
loaded PartType0, StarFormationRate
loaded PartType0, Coordinates
saved sfrs
starting snapshot #283,   process id: 281824
loaded PartType0, Coordinates
loaded PartType0, Masses
loaded PartType0, StarFormationRate
loaded PartType0, Coordinates
saved sfrs
starting snapshot #284,   process id: 281825
loaded PartType0, Coordinates
loaded PartType0, Masses
loaded PartType0, StarFormationRate
loaded PartType0, Coordinates
saved sfrs
loaded PartType0, Coordinates
loaded PartType0, Masses
loaded PartType0, StarFormationRate
loaded PartType0, Coordinates
saved sfrs
starting snapshot #285,   process id: 281836
starting snapshot #286,   process id: 281837
loaded PartType0, Coordinates
loaded PartType0, Masses
loaded PartType0, StarFormationRate
loaded PartType0, Coordinates
saved sfrs
loaded PartType0, Coordinates
loaded PartType0, Masses
loaded PartType0, StarFormationRate
loaded PartType0, Coordinates
saved sfrs
starting snapshot #287,   process id: 281839
loaded PartType0, Coordinates
loaded PartType0, Masses
loaded PartType0, StarFormationRate
loaded PartType0, Coordinates
saved sfrs
starting snapshot #288,   process id: 281840
starting snapshot #289,   process id: 281841
loaded PartType0, Coordinates
loaded PartType0, Masses
loaded PartType0, StarFormationRate
loaded PartType0, Coordinates
saved sfrs
starting snapshot #290,   process id: 281842
loaded PartType0, Coordinates
loaded PartType0, Masses
loaded PartType0, StarFormationRate
loaded PartType0, Coordinates
saved sfrs
starting snapshot #291,   process id: 281843
loaded PartType0, Coordinates
loaded PartType0, Masses
loaded PartType0, StarFormationRate
loaded PartType0, Coordinates
saved sfrs
loaded PartType0, Coordinates
loaded PartType0, Masses
loaded PartType0, StarFormationRate
loaded PartType0, Coordinates
saved sfrs
starting snapshot #292,   process id: 281845
loaded PartType0, Coordinates
loaded PartType0, Masses
loaded PartType0, StarFormationRate
loaded PartType0, Coordinates
saved sfrs
starting snapshot #293,   process id: 281846
starting snapshot #294,   process id: 281847
loaded PartType0, Coordinates
loaded PartType0, Masses
loaded PartType0, StarFormationRate
loaded PartType0, Coordinates
saved sfrs
starting snapshot #295,   process id: 281848
loaded PartType0, Coordinates
loaded PartType0, Masses
loaded PartType0, StarFormationRate
loaded PartType0, Coordinates
saved sfrs
starting snapshot #296,   process id: 281849
loaded PartType0, Coordinates
loaded PartType0, Masses
loaded PartType0, StarFormationRate
loaded PartType0, Coordinates
saved sfrs
loaded PartType0, Coordinates
loaded PartType0, Masses
loaded PartType0, StarFormationRate
loaded PartType0, Coordinates
saved sfrs
loaded PartType0, Coordinates
loaded PartType0, Masses
loaded PartType0, StarFormationRate
loaded PartType0, Coordinates
saved sfrs
starting snapshot #297,   process id: 281850
starting snapshot #298,   process id: 281851
starting snapshot #299,   process id: 281852
loaded PartType0, Coordinates
loaded PartType0, Masses
loaded PartType0, StarFormationRate
loaded PartType0, Coordinates
saved sfrs
starting snapshot #300,   process id: 281854
loaded PartType0, Coordinates
loaded PartType0, Masses
loaded PartType0, StarFormationRate
loaded PartType0, Coordinates
saved sfrs
starting snapshot #301,   process id: 281855
loaded PartType0, Coordinates
loaded PartType0, Masses
loaded PartType0, StarFormationRate
loaded PartType0, Coordinates
saved sfrs
loaded PartType0, Coordinates
loaded PartType0, Masses
loaded PartType0, StarFormationRate
loaded PartType0, Coordinates
saved sfrs
starting snapshot #302,   process id: 281856
starting snapshot #303,   process id: 281857
loaded PartType0, Coordinates
loaded PartType0, Masses
loaded PartType0, StarFormationRate
loaded PartType0, Coordinates
saved sfrs
starting snapshot #304,   process id: 281858
loaded PartType0, Coordinates
loaded PartType0, Masses
loaded PartType0, StarFormationRate
loaded PartType0, Coordinates
saved sfrs
starting snapshot #305,   process id: 281860
loaded PartType0, Coordinates
loaded PartType0, Masses
loaded PartType0, StarFormationRate
loaded PartType0, Coordinates
saved sfrs
loaded PartType0, Coordinates
loaded PartType0, Masses
loaded PartType0, StarFormationRate
loaded PartType0, Coordinates
saved sfrs
loaded PartType0, Coordinates
loaded PartType0, Masses
loaded PartType0, StarFormationRate
loaded PartType0, Coordinates
saved sfrs
starting snapshot #306,   process id: 281861
starting snapshot #307,   process id: 281862
starting snapshot #308,   process id: 281863
loaded PartType0, Coordinates
loaded PartType0, Masses
loaded PartType0, StarFormationRate
loaded PartType0, Coordinates
saved sfrs
starting snapshot #309,   process id: 281865
loaded PartType0, Coordinates
loaded PartType0, Masses
loaded PartType0, StarFormationRate
loaded PartType0, Coordinates
saved sfrs
starting snapshot #310,   process id: 281866
loaded PartType0, Coordinates
loaded PartType0, Masses
loaded PartType0, StarFormationRate
loaded PartType0, Coordinates
saved sfrs
loaded PartType0, Coordinates
loaded PartType0, Masses
loaded PartType0, StarFormationRate
loaded PartType0, Coordinates
saved sfrs
loaded PartType0, Coordinates
loaded PartType0, Masses
loaded PartType0, StarFormationRate
loaded PartType0, Coordinates
saved sfrs
starting snapshot #311,   process id: 281869
starting snapshot #312,   process id: 281870
starting snapshot #313,   process id: 281871
loaded PartType0, Coordinates
loaded PartType0, Masses
loaded PartType0, StarFormationRate
loaded PartType0, Coordinates
saved sfrs
starting snapshot #314,   process id: 281872
loaded PartType0, Coordinates
loaded PartType0, Masses
loaded PartType0, StarFormationRate
loaded PartType0, Coordinates
saved sfrs
starting snapshot #315,   process id: 281874
loaded PartType0, Coordinates
loaded PartType0, Masses
loaded PartType0, StarFormationRate
loaded PartType0, Coordinates
saved sfrs
starting snapshot #316,   process id: 281875
loaded PartType0, Coordinates
loaded PartType0, Masses
loaded PartType0, StarFormationRate
loaded PartType0, Coordinates
saved sfrs
loaded PartType0, Coordinates
loaded PartType0, Masses
loaded PartType0, StarFormationRate
loaded PartType0, Coordinates
saved sfrs
starting snapshot #317,   process id: 281876
starting snapshot #318,   process id: 281877
loaded PartType0, Coordinates
loaded PartType0, Masses
loaded PartType0, StarFormationRate
loaded PartType0, Coordinates
saved sfrs
loaded PartType0, Coordinates
loaded PartType0, Masses
loaded PartType0, StarFormationRate
loaded PartType0, Coordinates
saved sfrs
starting snapshot #319,   process id: 281878
starting snapshot #320,   process id: 281879
loaded PartType0, Coordinates
loaded PartType0, Masses
loaded PartType0, StarFormationRate
loaded PartType0, Coordinates
saved sfrs
loaded PartType0, Coordinates
loaded PartType0, Masses
loaded PartType0, StarFormationRate
loaded PartType0, Coordinates
saved sfrs
starting snapshot #321,   process id: 281881
starting snapshot #322,   process id: 281882
loaded PartType0, Coordinates
loaded PartType0, Masses
loaded PartType0, StarFormationRate
loaded PartType0, Coordinates
saved sfrs
starting snapshot #323,   process id: 281883
loaded PartType0, Coordinates
loaded PartType0, Masses
loaded PartType0, StarFormationRate
loaded PartType0, Coordinates
saved sfrs
starting snapshot #324,   process id: 281884
loaded PartType0, Coordinates
loaded PartType0, Masses
loaded PartType0, StarFormationRate
loaded PartType0, Coordinates
saved sfrs
starting snapshot #325,   process id: 281885
loaded PartType0, Coordinates
loaded PartType0, Masses
loaded PartType0, StarFormationRate
loaded PartType0, Coordinates
saved sfrs
starting snapshot #326,   process id: 281886
loaded PartType0, Coordinates
loaded PartType0, Masses
loaded PartType0, StarFormationRate
loaded PartType0, Coordinates
saved sfrs
loaded PartType0, Coordinates
loaded PartType0, Masses
loaded PartType0, StarFormationRate
loaded PartType0, Coordinates
saved sfrs
starting snapshot #327,   process id: 281888
starting snapshot #328,   process id: 281889
loaded PartType0, Coordinates
loaded PartType0, Masses
loaded PartType0, StarFormationRate
loaded PartType0, Coordinates
saved sfrs
starting snapshot #329,   process id: 281890
loaded PartType0, Coordinates
loaded PartType0, Masses
loaded PartType0, StarFormationRate
loaded PartType0, Coordinates
saved sfrs
starting snapshot #330,   process id: 281891
loaded PartType0, Coordinates
loaded PartType0, Masses
loaded PartType0, StarFormationRate
loaded PartType0, Coordinates
saved sfrs
loaded PartType0, Coordinates
loaded PartType0, Masses
loaded PartType0, StarFormationRate
loaded PartType0, Coordinates
saved sfrs
loaded PartType0, Coordinates
loaded PartType0, Masses
loaded PartType0, StarFormationRate
loaded PartType0, Coordinates
saved sfrs
starting snapshot #331,   process id: 281892
starting snapshot #332,   process id: 281893
starting snapshot #333,   process id: 281894
loaded PartType0, Coordinates
loaded PartType0, Masses
loaded PartType0, StarFormationRate
loaded PartType0, Coordinates
saved sfrs
starting snapshot #334,   process id: 281896
loaded PartType0, Coordinates
loaded PartType0, Masses
loaded PartType0, StarFormationRate
loaded PartType0, Coordinates
saved sfrs
starting snapshot #335,   process id: 281897
loaded PartType0, Coordinates
loaded PartType0, Masses
loaded PartType0, StarFormationRate
loaded PartType0, Coordinates
saved sfrs
loaded PartType0, Coordinates
loaded PartType0, Masses
loaded PartType0, StarFormationRate
loaded PartType0, Coordinates
saved sfrs
starting snapshot #336,   process id: 281898
loaded PartType0, Coordinates
loaded PartType0, Masses
loaded PartType0, StarFormationRate
loaded PartType0, Coordinates
saved sfrs
starting snapshot #337,   process id: 281899
starting snapshot #338,   process id: 281900
loaded PartType0, Coordinates
loaded PartType0, Masses
loaded PartType0, StarFormationRate
loaded PartType0, Coordinates
saved sfrs
starting snapshot #339,   process id: 281902
loaded PartType0, Coordinates
loaded PartType0, Masses
loaded PartType0, StarFormationRate
loaded PartType0, Coordinates
saved sfrs
loaded PartType0, Coordinates
loaded PartType0, Masses
loaded PartType0, StarFormationRate
loaded PartType0, Coordinates
saved sfrs
starting snapshot #340,   process id: 281903
loaded PartType0, Coordinates
loaded PartType0, Masses
loaded PartType0, StarFormationRate
loaded PartType0, Coordinates
saved sfrs
starting snapshot #341,   process id: 281904
loaded PartType0, Coordinates
loaded PartType0, Masses
loaded PartType0, StarFormationRate
loaded PartType0, Coordinates
saved sfrs
starting snapshot #342,   process id: 281905
starting snapshot #343,   process id: 281906
loaded PartType0, Coordinates
loaded PartType0, Masses
loaded PartType0, StarFormationRate
loaded PartType0, Coordinates
saved sfrs
starting snapshot #344,   process id: 281907
loaded PartType0, Coordinates
loaded PartType0, Masses
loaded PartType0, StarFormationRate
loaded PartType0, Coordinates
saved sfrs
starting snapshot #345,   process id: 281909
loaded PartType0, Coordinates
loaded PartType0, Masses
loaded PartType0, StarFormationRate
loaded PartType0, Coordinates
saved sfrs
starting snapshot #346,   process id: 281910
loaded PartType0, Coordinates
loaded PartType0, Masses
loaded PartType0, StarFormationRate
loaded PartType0, Coordinates
saved sfrs
loaded PartType0, Coordinates
loaded PartType0, Masses
loaded PartType0, StarFormationRate
loaded PartType0, Coordinates
saved sfrs
starting snapshot #347,   process id: 281911
starting snapshot #348,   process id: 281912
loaded PartType0, Coordinates
loaded PartType0, Masses
loaded PartType0, StarFormationRate
loaded PartType0, Coordinates
saved sfrs
starting snapshot #349,   process id: 281913
loaded PartType0, Coordinates
loaded PartType0, Masses
loaded PartType0, StarFormationRate
loaded PartType0, Coordinates
saved sfrs
loaded PartType0, Coordinates
loaded PartType0, Masses
loaded PartType0, StarFormationRate
loaded PartType0, Coordinates
saved sfrs
loaded PartType0, Coordinates
loaded PartType0, Masses
loaded PartType0, StarFormationRate
loaded PartType0, Coordinates
saved sfrs
starting snapshot #350,   process id: 281915
starting snapshot #351,   process id: 281916
loaded PartType0, Coordinates
loaded PartType0, Masses
loaded PartType0, StarFormationRate
loaded PartType0, Coordinates
saved sfrs
starting snapshot #352,   process id: 281917
starting snapshot #353,   process id: 281918
loaded PartType0, Coordinates
loaded PartType0, Masses
loaded PartType0, StarFormationRate
loaded PartType0, Coordinates
saved sfrs
starting snapshot #354,   process id: 281919
loaded PartType0, Coordinates
loaded PartType0, Masses
loaded PartType0, StarFormationRate
loaded PartType0, Coordinates
saved sfrs
starting snapshot #355,   process id: 281920
loaded PartType0, Coordinates
loaded PartType0, Masses
loaded PartType0, StarFormationRate
loaded PartType0, Coordinates
saved sfrs
loaded PartType0, Coordinates
loaded PartType0, Masses
loaded PartType0, StarFormationRate
loaded PartType0, Coordinates
saved sfrs
starting snapshot #356,   process id: 281922
starting snapshot #357,   process id: 281923
loaded PartType0, Coordinates
loaded PartType0, Masses
loaded PartType0, StarFormationRate
loaded PartType0, Coordinates
saved sfrs
starting snapshot #358,   process id: 281924
loaded PartType0, Coordinates
loaded PartType0, Masses
loaded PartType0, StarFormationRate
loaded PartType0, Coordinates
saved sfrs
starting snapshot #359,   process id: 281925
loaded PartType0, Coordinates
loaded PartType0, Masses
loaded PartType0, StarFormationRate
loaded PartType0, Coordinates
saved sfrs
loaded PartType0, Coordinates
loaded PartType0, Masses
loaded PartType0, StarFormationRate
loaded PartType0, Coordinates
saved sfrs
loaded PartType0, Coordinates
loaded PartType0, Masses
loaded PartType0, StarFormationRate
loaded PartType0, Coordinates
saved sfrs
loaded PartType0, Coordinates
loaded PartType0, Masses
loaded PartType0, StarFormationRate
loaded PartType0, Coordinates
saved sfrs
starting snapshot #360,   process id: 281926
starting snapshot #361,   process id: 281927
starting snapshot #362,   process id: 281928
starting snapshot #363,   process id: 281929
loaded PartType0, Coordinates
loaded PartType0, Masses
loaded PartType0, StarFormationRate
loaded PartType0, Coordinates
saved sfrs
starting snapshot #364,   process id: 281931
loaded PartType0, Coordinates
loaded PartType0, Masses
loaded PartType0, StarFormationRate
loaded PartType0, Coordinates
saved sfrs
starting snapshot #365,   process id: 281932
loaded PartType0, Coordinates
loaded PartType0, Masses
loaded PartType0, StarFormationRate
loaded PartType0, Coordinates
saved sfrs
starting snapshot #366,   process id: 281933
loaded PartType0, Coordinates
loaded PartType0, Masses
loaded PartType0, StarFormationRate
loaded PartType0, Coordinates
saved sfrs
loaded PartType0, Coordinates
loaded PartType0, Masses
loaded PartType0, StarFormationRate
loaded PartType0, Coordinates
saved sfrs
starting snapshot #367,   process id: 281934
starting snapshot #368,   process id: 281935
loaded PartType0, Coordinates
loaded PartType0, Masses
loaded PartType0, StarFormationRate
loaded PartType0, Coordinates
saved sfrs
starting snapshot #369,   process id: 281937
loaded PartType0, Coordinates
loaded PartType0, Masses
loaded PartType0, StarFormationRate
loaded PartType0, Coordinates
saved sfrs
loaded PartType0, Coordinates
loaded PartType0, Masses
loaded PartType0, StarFormationRate
loaded PartType0, Coordinates
saved sfrs
loaded PartType0, Coordinates
loaded PartType0, Masses
loaded PartType0, StarFormationRate
loaded PartType0, Coordinates
saved sfrs
starting snapshot #370,   process id: 281938
loaded PartType0, Coordinates
loaded PartType0, Masses
loaded PartType0, StarFormationRate
loaded PartType0, Coordinates
saved sfrs
loaded PartType0, Coordinates
loaded PartType0, Masses
loaded PartType0, StarFormationRate
loaded PartType0, Coordinates
saved sfrs
loaded PartType0, Coordinates
loaded PartType0, Masses
loaded PartType0, StarFormationRate
loaded PartType0, Coordinates
saved sfrs
loaded PartType0, Coordinates
loaded PartType0, Masses
loaded PartType0, StarFormationRate
loaded PartType0, Coordinates
saved sfrs
loaded PartType0, Coordinates
loaded PartType0, Masses
loaded PartType0, StarFormationRate
loaded PartType0, Coordinates
saved sfrs
loaded PartType0, Coordinates
loaded PartType0, Masses
loaded PartType0, StarFormationRate
loaded PartType0, Coordinates
saved sfrs
loaded PartType0, Coordinates
loaded PartType0, Masses
loaded PartType0, StarFormationRate
loaded PartType0, Coordinates
saved sfrs
loaded PartType0, Coordinates
loaded PartType0, Masses
loaded PartType0, StarFormationRate
loaded PartType0, Coordinates
saved sfrs
[2K[2Kprogress:  0% 0 seconds passed
starting snapshot #0,   process id: 281232
loaded PartType0, Coordinates
loaded PartType0, Masses
loaded PartType0, StarFormationRate
saved sfrs
