Behroozi+18 not loaded
['../pysrc/profiles_and_projections_script.py', 'cooling_only_low_SF_threshold11', '200']
loaded PartType0, Coordinates
loaded PartType0, Masses
cooling_only_low_SF_threshold11 371
loaded PartType0, Masses
loaded PartType0, Coordinates
saved massProfile0
loaded PartType1, Masses
loaded PartType2, Masses
loaded PartType2, Coordinates
saved massProfile2
loaded PartType4, Masses
loaded PartType4, Coordinates
saved massProfile4
loaded PartType0, Masses
loaded PartType0, Coordinates
saved massProfile0
loaded PartType1, Masses
loaded PartType2, Masses
loaded PartType2, Coordinates
saved massProfile2
loaded PartType4, Masses
loaded PartType4, Coordinates
saved massProfile4
loaded PartType0, Masses
loaded PartType0, Coordinates
saved massProfile0
loaded PartType1, Masses
loaded PartType2, Masses
loaded PartType2, Coordinates
saved massProfile2
loaded PartType4, Masses
loaded PartType4, Coordinates
saved massProfile4
loaded PartType0, Masses
loaded PartType0, Coordinates
saved massProfile0
loaded PartType1, Masses
loaded PartType2, Masses
loaded PartType2, Coordinates
saved massProfile2
loaded PartType4, Masses
loaded PartType4, Coordinates
saved massProfile4
loaded PartType0, Velocities
saved j_vec_x
saved j_vec_y
saved j_vec_z
saved j_vec_weight
loaded PartType0, Velocities
saved j_vec_x
saved j_vec_y
saved j_vec_z
saved j_vec_weight
loaded PartType0, Velocities
saved j_vec_x
saved j_vec_y
saved j_vec_z
saved j_vec_weight
loaded PartType0, Velocities
saved j_vec_x
saved j_vec_y
saved j_vec_z
saved j_vec_weight
loaded PartType0, Metallicity
saved Z2Zsuns_MW
loaded PartType0, Metallicity
saved Z2Zsuns_MW
loaded PartType0, Metallicity
saved Z2Zsuns_MW
loaded PartType0, Metallicity
saved Z2Zsuns_MW
loaded PartType0, Density
loaded PartType0, InternalEnergy
saved log_Ts_VW
loaded PartType0, Density
loaded PartType0, InternalEnergy
saved log_Ts_VW
loaded PartType0, Density
loaded PartType0, InternalEnergy
saved log_Ts_VW
loaded PartType0, Density
loaded PartType0, InternalEnergy
saved log_Ts_VW
saved isSubsonic_VW
saved isSubsonic_VW
saved isSubsonic_VW
saved isSubsonic_VW
saved Mdot
saved Mdot
saved Mdot
saved Mdot
