Behroozi+18 not loaded
['../pysrc/profiles_and_projections_script.py', 'cooling_only_low_SF_threshold11', '200']
loaded PartType0, Coordinates
loaded PartType0, Masses
cooling_only_low_SF_threshold11 371
loaded PartType0, Masses
loaded PartType0, Coordinates
saved massProfile0
loaded PartType1, Masses
loaded PartType2, Masses
loaded PartType2, Coordinates
saved massProfile2
loaded PartType4, Masses
loaded PartType4, Coordinates
saved massProfile4
loaded PartType0, Masses
loaded PartType0, Coordinates
saved massProfile0
loaded PartType1, Masses
loaded PartType2, Masses
loaded PartType2, Coordinates
saved massProfile2
loaded PartType4, Masses
loaded PartType4, Coordinates
saved massProfile4
loaded PartType0, Masses
loaded PartType0, Coordinates
saved massProfile0
loaded PartType1, Masses
loaded PartType2, Masses
loaded PartType2, Coordinates
saved massProfile2
loaded PartType4, Masses
loaded PartType4, Coordinates
saved massProfile4
loaded PartType0, Masses
loaded PartType0, Coordinates
saved massProfile0
loaded PartType1, Masses
loaded PartType2, Masses
loaded PartType2, Coordinates
saved massProfile2
loaded PartType4, Masses
loaded PartType4, Coordinates
saved massProfile4
